2023-07-30T16:34:55.389+0800	[34mINFO[0m	clients/client_factory.go:47	logDir:<tmp/nacos/log>   cacheDir:<tmp/nacos/cache>
2023-07-30T16:37:21.548+0800	[34mINFO[0m	clients/client_factory.go:47	logDir:<tmp/nacos/log>   cacheDir:<tmp/nacos/cache>
2023-07-30T16:37:28.492+0800	[34mINFO[0m	clients/client_factory.go:47	logDir:<tmp/nacos/log>   cacheDir:<tmp/nacos/cache>
2023-08-02T13:41:15.089+0800	[34mINFO[0m	clients/client_factory.go:47	logDir:<tmp/nacos/log>   cacheDir:<tmp/nacos/cache>
2023-08-02T13:41:15.200+0800	[31mERROR[0m	nacos_server/nacos_server.go:199	api</v1/cs/configs>,method:<GET>, params:<{"dataId":"user-srv-dev.yaml","group":"dev","tenant":"7fbb2ffe-4da7-43ea-af06-b4e78620b593"}>, call domain error:<[404] config data not exist
> , result:<config data not exist
>
2023-08-02T13:41:15.203+0800	[31mERROR[0m	nacos_server/nacos_server.go:199	api</v1/cs/configs>,method:<GET>, params:<{"dataId":"user-srv-dev.yaml","group":"dev","tenant":"7fbb2ffe-4da7-43ea-af06-b4e78620b593"}>, call domain error:<[404] config data not exist
> , result:<config data not exist
>
2023-08-02T13:41:15.207+0800	[31mERROR[0m	nacos_server/nacos_server.go:199	api</v1/cs/configs>,method:<GET>, params:<{"dataId":"user-srv-dev.yaml","group":"dev","tenant":"7fbb2ffe-4da7-43ea-af06-b4e78620b593"}>, call domain error:<[404] config data not exist
> , result:<config data not exist
>
2023-08-02T13:41:15.207+0800	[31mERROR[0m	config_client/config_client.go:202	get config from server error:[404] config data not exist
 
2023-08-02T13:41:15.207+0800	[33mWARN[0m	config_client/config_client.go:207	[client.GetConfig] config not found, dataId: user-srv-dev.yaml, group: dev, namespaceId: 7fbb2ffe-4da7-43ea-af06-b4e78620b593.
2023-08-02T13:48:52.453+0800	[34mINFO[0m	clients/client_factory.go:47	logDir:<tmp/nacos/log>   cacheDir:<tmp/nacos/cache>
2023-08-02T13:48:52.455+0800	[31mERROR[0m	nacos_server/nacos_server.go:199	api</v1/cs/configs>,method:<GET>, params:<{"dataId":"user-srv-dev.yaml","group":"dev","tenant":"7fbb2ffe-4da7-43ea-af06-b4e78620b593"}>, call domain error:<[404] config data not exist
> , result:<config data not exist
>
2023-08-02T13:48:52.458+0800	[31mERROR[0m	nacos_server/nacos_server.go:199	api</v1/cs/configs>,method:<GET>, params:<{"dataId":"user-srv-dev.yaml","group":"dev","tenant":"7fbb2ffe-4da7-43ea-af06-b4e78620b593"}>, call domain error:<[404] config data not exist
> , result:<config data not exist
>
2023-08-02T13:48:52.459+0800	[31mERROR[0m	nacos_server/nacos_server.go:199	api</v1/cs/configs>,method:<GET>, params:<{"dataId":"user-srv-dev.yaml","group":"dev","tenant":"7fbb2ffe-4da7-43ea-af06-b4e78620b593"}>, call domain error:<[404] config data not exist
> , result:<config data not exist
>
2023-08-02T13:48:52.459+0800	[31mERROR[0m	config_client/config_client.go:202	get config from server error:[404] config data not exist
 
2023-08-02T13:48:52.459+0800	[33mWARN[0m	config_client/config_client.go:207	[client.GetConfig] config not found, dataId: user-srv-dev.yaml, group: dev, namespaceId: 7fbb2ffe-4da7-43ea-af06-b4e78620b593.
2023-08-02T13:53:29.174+0800	[34mINFO[0m	clients/client_factory.go:47	logDir:<tmp/nacos/log>   cacheDir:<tmp/nacos/cache>
2023-08-02T13:54:42.365+0800	[34mINFO[0m	clients/client_factory.go:47	logDir:<tmp/nacos/log>   cacheDir:<tmp/nacos/cache>
2023-08-02T14:10:41.444+0800	[34mINFO[0m	clients/client_factory.go:47	logDir:<tmp/nacos/log>   cacheDir:<tmp/nacos/cache>
2023-08-02T14:48:05.688+0800	[34mINFO[0m	clients/client_factory.go:47	logDir:<tmp/nacos/log>   cacheDir:<tmp/nacos/cache>
2023-09-08T17:00:15.719+0800	[34mINFO[0m	clients/client_factory.go:47	logDir:<tmp/nacos/log>   cacheDir:<tmp/nacos/cache>
2023-09-08T17:17:03.442+0800	[34mINFO[0m	clients/client_factory.go:47	logDir:<tmp/nacos/log>   cacheDir:<tmp/nacos/cache>
2023-09-08T17:18:42.103+0800	[34mINFO[0m	clients/client_factory.go:47	logDir:<tmp/nacos/log>   cacheDir:<tmp/nacos/cache>
2023-09-08T17:19:15.987+0800	[34mINFO[0m	clients/client_factory.go:47	logDir:<tmp/nacos/log>   cacheDir:<tmp/nacos/cache>
2023-09-08T17:26:39.898+0800	[34mINFO[0m	clients/client_factory.go:47	logDir:<tmp/nacos/log>   cacheDir:<tmp/nacos/cache>
2023-09-12T14:13:01.161+0800	[34mINFO[0m	clients/client_factory.go:47	logDir:<tmp/nacos/log>   cacheDir:<tmp/nacos/cache>
2023-09-13T12:13:13.872+0800	[34mINFO[0m	clients/client_factory.go:47	logDir:<tmp/nacos/log>   cacheDir:<tmp/nacos/cache>
2023-09-13T22:16:47.856+0800	[34mINFO[0m	clients/client_factory.go:47	logDir:<tmp/nacos/log>   cacheDir:<tmp/nacos/cache>
2023-09-14T02:47:33.017+0800	[34mINFO[0m	clients/client_factory.go:47	logDir:<tmp/nacos/log>   cacheDir:<tmp/nacos/cache>
2023-09-14T03:24:11.647+0800	[34mINFO[0m	clients/client_factory.go:47	logDir:<tmp/nacos/log>   cacheDir:<tmp/nacos/cache>
2023-09-14T03:29:56.911+0800	[34mINFO[0m	clients/client_factory.go:47	logDir:<tmp/nacos/log>   cacheDir:<tmp/nacos/cache>
2023-09-14T03:42:23.789+0800	[34mINFO[0m	clients/client_factory.go:47	logDir:<tmp/nacos/log>   cacheDir:<tmp/nacos/cache>
2023-09-14T03:44:22.506+0800	[34mINFO[0m	clients/client_factory.go:47	logDir:<tmp/nacos/log>   cacheDir:<tmp/nacos/cache>
2023-09-14T03:52:47.631+0800	[34mINFO[0m	clients/client_factory.go:47	logDir:<tmp/nacos/log>   cacheDir:<tmp/nacos/cache>
2023-09-14T03:58:24.315+0800	[34mINFO[0m	clients/client_factory.go:47	logDir:<tmp/nacos/log>   cacheDir:<tmp/nacos/cache>
2023-09-14T04:01:30.728+0800	[34mINFO[0m	clients/client_factory.go:47	logDir:<tmp/nacos/log>   cacheDir:<tmp/nacos/cache>
2023-09-14T04:02:51.299+0800	[34mINFO[0m	clients/client_factory.go:47	logDir:<tmp/nacos/log>   cacheDir:<tmp/nacos/cache>
2023-09-14T04:12:39.423+0800	[34mINFO[0m	clients/client_factory.go:47	logDir:<tmp/nacos/log>   cacheDir:<tmp/nacos/cache>
2023-09-14T04:15:53.451+0800	[34mINFO[0m	clients/client_factory.go:47	logDir:<tmp/nacos/log>   cacheDir:<tmp/nacos/cache>
2023-09-14T04:22:00.622+0800	[34mINFO[0m	clients/client_factory.go:47	logDir:<tmp/nacos/log>   cacheDir:<tmp/nacos/cache>
2023-09-14T04:25:30.186+0800	[34mINFO[0m	clients/client_factory.go:47	logDir:<tmp/nacos/log>   cacheDir:<tmp/nacos/cache>
2023-09-14T04:27:48.080+0800	[34mINFO[0m	clients/client_factory.go:47	logDir:<tmp/nacos/log>   cacheDir:<tmp/nacos/cache>
2023-09-14T04:30:22.122+0800	[34mINFO[0m	clients/client_factory.go:47	logDir:<tmp/nacos/log>   cacheDir:<tmp/nacos/cache>
2023-09-14T04:35:05.664+0800	[34mINFO[0m	clients/client_factory.go:47	logDir:<tmp/nacos/log>   cacheDir:<tmp/nacos/cache>
2023-09-14T04:44:45.071+0800	[34mINFO[0m	clients/client_factory.go:47	logDir:<tmp/nacos/log>   cacheDir:<tmp/nacos/cache>
2023-09-14T04:47:55.442+0800	[34mINFO[0m	clients/client_factory.go:47	logDir:<tmp/nacos/log>   cacheDir:<tmp/nacos/cache>
2023-09-14T04:52:51.191+0800	[34mINFO[0m	clients/client_factory.go:47	logDir:<tmp/nacos/log>   cacheDir:<tmp/nacos/cache>
2023-09-14T04:56:59.559+0800	[34mINFO[0m	clients/client_factory.go:47	logDir:<tmp/nacos/log>   cacheDir:<tmp/nacos/cache>
2023-09-14T05:00:33.572+0800	[34mINFO[0m	clients/client_factory.go:47	logDir:<tmp/nacos/log>   cacheDir:<tmp/nacos/cache>
2023-09-14T05:18:18.194+0800	[34mINFO[0m	clients/client_factory.go:47	logDir:<tmp/nacos/log>   cacheDir:<tmp/nacos/cache>
2023-09-14T05:20:48.269+0800	[34mINFO[0m	clients/client_factory.go:47	logDir:<tmp/nacos/log>   cacheDir:<tmp/nacos/cache>
2023-09-14T05:29:39.986+0800	[34mINFO[0m	clients/client_factory.go:47	logDir:<tmp/nacos/log>   cacheDir:<tmp/nacos/cache>
2023-09-14T05:42:00.540+0800	[34mINFO[0m	clients/client_factory.go:47	logDir:<tmp/nacos/log>   cacheDir:<tmp/nacos/cache>
2023-09-14T05:45:08.492+0800	[34mINFO[0m	clients/client_factory.go:47	logDir:<tmp/nacos/log>   cacheDir:<tmp/nacos/cache>
2023-09-14T05:52:52.144+0800	[34mINFO[0m	clients/client_factory.go:47	logDir:<tmp/nacos/log>   cacheDir:<tmp/nacos/cache>
2023-09-14T11:32:31.629+0800	[34mINFO[0m	clients/client_factory.go:47	logDir:<tmp/nacos/log>   cacheDir:<tmp/nacos/cache>
2023-09-14T11:40:32.807+0800	[34mINFO[0m	clients/client_factory.go:47	logDir:<tmp/nacos/log>   cacheDir:<tmp/nacos/cache>
2023-09-14T11:50:25.177+0800	[34mINFO[0m	clients/client_factory.go:47	logDir:<tmp/nacos/log>   cacheDir:<tmp/nacos/cache>
2023-09-14T11:56:55.416+0800	[34mINFO[0m	clients/client_factory.go:47	logDir:<tmp/nacos/log>   cacheDir:<tmp/nacos/cache>
2023-09-14T12:10:21.017+0800	[34mINFO[0m	clients/client_factory.go:47	logDir:<tmp/nacos/log>   cacheDir:<tmp/nacos/cache>
2023-09-14T12:14:39.129+0800	[34mINFO[0m	clients/client_factory.go:47	logDir:<tmp/nacos/log>   cacheDir:<tmp/nacos/cache>
2023-09-14T15:23:27.569+0800	[34mINFO[0m	clients/client_factory.go:47	logDir:<tmp/nacos/log>   cacheDir:<tmp/nacos/cache>
2023-09-15T10:07:02.749+0800	[34mINFO[0m	clients/client_factory.go:47	logDir:<tmp/nacos/log>   cacheDir:<tmp/nacos/cache>
2023-09-15T10:07:07.754+0800	[31mERROR[0m	nacos_server/nacos_server.go:199	api</v1/cs/configs>,method:<GET>, params:<{"dataId":"ticketorder-srv-dev.yaml","group":"dev","tenant":"2bcef975-5415-46ab-b7d7-fdabcd634e58"}>, call domain error:<Get "http://10.102.109.196:8848/nacos/v1/cs/configs?dataId=ticketorder-srv-dev.yaml&group=dev&tenant=2bcef975-5415-46ab-b7d7-fdabcd634e58": context deadline exceeded (Client.Timeout exceeded while awaiting headers)> , result:<>
2023-09-15T10:07:12.755+0800	[31mERROR[0m	nacos_server/nacos_server.go:199	api</v1/cs/configs>,method:<GET>, params:<{"dataId":"ticketorder-srv-dev.yaml","group":"dev","tenant":"2bcef975-5415-46ab-b7d7-fdabcd634e58"}>, call domain error:<Get "http://10.102.109.196:8848/nacos/v1/cs/configs?group=dev&tenant=2bcef975-5415-46ab-b7d7-fdabcd634e58&dataId=ticketorder-srv-dev.yaml": context deadline exceeded (Client.Timeout exceeded while awaiting headers)> , result:<>
2023-09-15T10:07:17.755+0800	[31mERROR[0m	nacos_server/nacos_server.go:199	api</v1/cs/configs>,method:<GET>, params:<{"dataId":"ticketorder-srv-dev.yaml","group":"dev","tenant":"2bcef975-5415-46ab-b7d7-fdabcd634e58"}>, call domain error:<Get "http://10.102.109.196:8848/nacos/v1/cs/configs?dataId=ticketorder-srv-dev.yaml&group=dev&tenant=2bcef975-5415-46ab-b7d7-fdabcd634e58": context deadline exceeded (Client.Timeout exceeded while awaiting headers)> , result:<>
2023-09-15T10:07:17.755+0800	[31mERROR[0m	config_client/config_client.go:202	get config from server error:Get "http://10.102.109.196:8848/nacos/v1/cs/configs?dataId=ticketorder-srv-dev.yaml&group=dev&tenant=2bcef975-5415-46ab-b7d7-fdabcd634e58": context deadline exceeded (Client.Timeout exceeded while awaiting headers) 
